#
# There is insufficient memory for the Java Runtime Environment to continue.
# Native memory allocation (malloc) failed to allocate 32744 bytes. Error detail: Chunk::new
# Possible reasons:
#   The system is out of physical RAM or swap space
#   This process is running with CompressedOops enabled, and the Java Heap may be blocking the growth of the native heap
# Possible solutions:
#   Reduce memory load on the system
#   Increase physical memory or swap space
#   Check if swap backing store is full
#   Decrease Java heap size (-Xmx/-Xms)
#   Decrease number of Java threads
#   Decrease Java thread stack sizes (-Xss)
#   Set larger code cache with -XX:ReservedCodeCacheSize=
#   JVM is running with Unscaled Compressed Oops mode in which the Java heap is
#     placed in the first 4GB address space. The Java Heap base address is the
#     maximum limit for the native heap growth. Please use -XX:HeapBaseMinAddress
#     to set the Java Heap base and to place the Java Heap above 4GB virtual address.
# This output file may be truncated or incomplete.
#
#  Out of Memory Error (arena.cpp:168), pid=1428, tid=6792
#
# JRE version: OpenJDK Runtime Environment Temurin-21.0.7+6 (21.0.7+6) (build 21.0.7+6-LTS)
# Java VM: OpenJDK 64-Bit Server VM Temurin-21.0.7+6 (21.0.7+6-LTS, mixed mode, sharing, tiered, compressed oops, compressed class ptrs, g1 gc, windows-amd64)
# No core dump will be written. Minidumps are not enabled by default on client versions of Windows
#

---------------  S U M M A R Y ------------

Command Line: -XX:+ShowCodeDetailsInExceptionMessages com.example.com.venom.VenomApplication

Host: Intel(R) Core(TM) i3-10110U CPU @ 2.10GHz, 4 cores, 7G,  Windows 10 , 64 bit Build 19041 (10.0.19041.5794)
Time: Mon Jun  2 20:58:59 2025  Windows 10 , 64 bit Build 19041 (10.0.19041.5794) elapsed time: 309.784047 seconds (0d 0h 5m 9s)

---------------  T H R E A D  ---------------

Current thread (0x0000026ab2d91a90):  JavaThread "C1 CompilerThread0" daemon [_thread_in_native, id=6792, stack(0x0000008702700000,0x0000008702800000) (1024K)]


Current CompileTask:
C1:309784 4210   !   3       java.util.concurrent.FutureTask::runAndReset (125 bytes)

Stack: [0x0000008702700000,0x0000008702800000]
Native frames: (J=compiled Java code, j=interpreted, Vv=VM code, C=native code)
V  [jvm.dll+0x6ce119]
V  [jvm.dll+0x8a84a1]
V  [jvm.dll+0x8aa9ce]
V  [jvm.dll+0x8ab0b3]
V  [jvm.dll+0x27f8a6]
V  [jvm.dll+0xc507d]
V  [jvm.dll+0xc55b3]
V  [jvm.dll+0x194e23]
V  [jvm.dll+0x194eed]
V  [jvm.dll+0x197479]
V  [jvm.dll+0x198bb4]
V  [jvm.dll+0x153873]
V  [jvm.dll+0x1530b8]
V  [jvm.dll+0x153304]
V  [jvm.dll+0x152736]
V  [jvm.dll+0x15450d]
V  [jvm.dll+0x25695a]
V  [jvm.dll+0x254efa]
V  [jvm.dll+0x3f03f6]
V  [jvm.dll+0x851f6b]
V  [jvm.dll+0x6cc7dd]
C  [ucrtbase.dll+0x21bb2]
C  [KERNEL32.DLL+0x17374]
C  [ntdll.dll+0x4cc91]


---------------  P R O C E S S  ---------------

Threads class SMR info:
_java_thread_list=0x0000026af91cbef0, length=26, elements={
0x0000026ab2d7cc70, 0x0000026ab2d7d980, 0x0000026ab2d83720, 0x0000026ab2d84170,
0x0000026ab2d85360, 0x0000026ab2d86550, 0x0000026ab2d87a70, 0x0000026ab2d91a90,
0x0000026af80dd9f0, 0x0000026af80e7270, 0x0000026afa228900, 0x0000026afa228f90,
0x0000026afa2261a0, 0x0000026afa225b10, 0x0000026afa226830, 0x0000026afa226ec0,
0x0000026afa228270, 0x0000026afa227550, 0x0000026afa227be0, 0x0000026af955d540,
0x0000026af955dbd0, 0x0000026af955e260, 0x0000026af955ceb0, 0x0000026af955e8f0,
0x0000026af955b470, 0x0000026af955bb00
}

Java Threads: ( => current thread )
  0x0000026ab2d7cc70 JavaThread "Reference Handler"          daemon [_thread_blocked, id=660, stack(0x0000008702000000,0x0000008702100000) (1024K)]
  0x0000026ab2d7d980 JavaThread "Finalizer"                  daemon [_thread_blocked, id=15036, stack(0x0000008702100000,0x0000008702200000) (1024K)]
  0x0000026ab2d83720 JavaThread "Signal Dispatcher"          daemon [_thread_blocked, id=14032, stack(0x0000008702200000,0x0000008702300000) (1024K)]
  0x0000026ab2d84170 JavaThread "Attach Listener"            daemon [_thread_blocked, id=18372, stack(0x0000008702300000,0x0000008702400000) (1024K)]
  0x0000026ab2d85360 JavaThread "Service Thread"             daemon [_thread_blocked, id=13152, stack(0x0000008702400000,0x0000008702500000) (1024K)]
  0x0000026ab2d86550 JavaThread "Monitor Deflation Thread"   daemon [_thread_blocked, id=13992, stack(0x0000008702500000,0x0000008702600000) (1024K)]
  0x0000026ab2d87a70 JavaThread "C2 CompilerThread0"         daemon [_thread_blocked, id=11188, stack(0x0000008702600000,0x0000008702700000) (1024K)]
=>0x0000026ab2d91a90 JavaThread "C1 CompilerThread0"         daemon [_thread_in_native, id=6792, stack(0x0000008702700000,0x0000008702800000) (1024K)]
  0x0000026af80dd9f0 JavaThread "Notification Thread"        daemon [_thread_blocked, id=10332, stack(0x0000008702800000,0x0000008702900000) (1024K)]
  0x0000026af80e7270 JavaThread "Common-Cleaner"             daemon [_thread_blocked, id=17404, stack(0x0000008702900000,0x0000008702a00000) (1024K)]
  0x0000026afa228900 JavaThread "Catalina-utility-1"                [_thread_blocked, id=14196, stack(0x0000008702e00000,0x0000008702f00000) (1024K)]
  0x0000026afa228f90 JavaThread "Catalina-utility-2"                [_thread_blocked, id=10208, stack(0x0000008702f00000,0x0000008703000000) (1024K)]
  0x0000026afa2261a0 JavaThread "container-0"                       [_thread_blocked, id=13092, stack(0x0000008703000000,0x0000008703100000) (1024K)]
  0x0000026afa225b10 JavaThread "http-nio-8080-exec-1"       daemon [_thread_blocked, id=10104, stack(0x0000008703100000,0x0000008703200000) (1024K)]
  0x0000026afa226830 JavaThread "http-nio-8080-exec-2"       daemon [_thread_blocked, id=1212, stack(0x0000008703200000,0x0000008703300000) (1024K)]
  0x0000026afa226ec0 JavaThread "http-nio-8080-exec-3"       daemon [_thread_blocked, id=3872, stack(0x0000008703300000,0x0000008703400000) (1024K)]
  0x0000026afa228270 JavaThread "http-nio-8080-exec-4"       daemon [_thread_blocked, id=18380, stack(0x0000008703400000,0x0000008703500000) (1024K)]
  0x0000026afa227550 JavaThread "http-nio-8080-exec-5"       daemon [_thread_blocked, id=13012, stack(0x0000008703500000,0x0000008703600000) (1024K)]
  0x0000026afa227be0 JavaThread "http-nio-8080-exec-6"       daemon [_thread_blocked, id=12488, stack(0x0000008703600000,0x0000008703700000) (1024K)]
  0x0000026af955d540 JavaThread "http-nio-8080-exec-7"       daemon [_thread_blocked, id=1496, stack(0x0000008703700000,0x0000008703800000) (1024K)]
  0x0000026af955dbd0 JavaThread "http-nio-8080-exec-8"       daemon [_thread_blocked, id=11364, stack(0x0000008703800000,0x0000008703900000) (1024K)]
  0x0000026af955e260 JavaThread "http-nio-8080-exec-9"       daemon [_thread_blocked, id=9536, stack(0x0000008703900000,0x0000008703a00000) (1024K)]
  0x0000026af955ceb0 JavaThread "http-nio-8080-exec-10"      daemon [_thread_blocked, id=7584, stack(0x0000008703a00000,0x0000008703b00000) (1024K)]
  0x0000026af955e8f0 JavaThread "http-nio-8080-Poller"       daemon [_thread_in_native, id=5248, stack(0x0000008703b00000,0x0000008703c00000) (1024K)]
  0x0000026af955b470 JavaThread "http-nio-8080-Acceptor"     daemon [_thread_in_native, id=11788, stack(0x0000008703c00000,0x0000008703d00000) (1024K)]
  0x0000026af955bb00 JavaThread "DestroyJavaVM"                     [_thread_blocked, id=17032, stack(0x0000008701800000,0x0000008701900000) (1024K)]
Total: 26

Other Threads:
  0x0000026ab2d5b3d0 VMThread "VM Thread"                           [id=18420, stack(0x0000008701f00000,0x0000008702000000) (1024K)]
  0x0000026ab2d49f20 WatcherThread "VM Periodic Task Thread"        [id=9360, stack(0x0000008701e00000,0x0000008701f00000) (1024K)]
  0x0000026a9bfdc0d0 WorkerThread "GC Thread#0"                     [id=17184, stack(0x0000008701900000,0x0000008701a00000) (1024K)]
  0x0000026af8549110 WorkerThread "GC Thread#1"                     [id=4236, stack(0x0000008702b00000,0x0000008702c00000) (1024K)]
  0x0000026af85494b0 WorkerThread "GC Thread#2"                     [id=7536, stack(0x0000008702c00000,0x0000008702d00000) (1024K)]
  0x0000026af870a1a0 WorkerThread "GC Thread#3"                     [id=1544, stack(0x0000008702d00000,0x0000008702e00000) (1024K)]
  0x0000026a9bfed410 ConcurrentGCThread "G1 Main Marker"            [id=5840, stack(0x0000008701a00000,0x0000008701b00000) (1024K)]
  0x0000026a9bfede20 WorkerThread "G1 Conc#0"                       [id=9284, stack(0x0000008701b00000,0x0000008701c00000) (1024K)]
  0x0000026ab2c174f0 ConcurrentGCThread "G1 Refine#0"               [id=4040, stack(0x0000008701c00000,0x0000008701d00000) (1024K)]
  0x0000026ab2c1c360 ConcurrentGCThread "G1 Service"                [id=1464, stack(0x0000008701d00000,0x0000008701e00000) (1024K)]
Total: 10

Threads with active compile tasks:
C1 CompilerThread0  309822 4210   !   3       java.util.concurrent.FutureTask::runAndReset (125 bytes)
Total: 1

VM state: not at safepoint (normal execution)

VM Mutex/Monitor currently owned by a thread: None

Heap address: 0x0000000082800000, size: 2008 MB, Compressed Oops mode: 32-bit

CDS archive(s) mapped at: [0x0000026ab3000000-0x0000026ab3ba0000-0x0000026ab3ba0000), size 12189696, SharedBaseAddress: 0x0000026ab3000000, ArchiveRelocationMode: 1.
Compressed class space mapped at: 0x0000026ab4000000-0x0000026af4000000, reserved size: 1073741824
Narrow klass base: 0x0000026ab3000000, Narrow klass shift: 0, Narrow klass range: 0x100000000

GC Precious Log:
 CardTable entry size: 512
 Card Set container configuration: InlinePtr #cards 5 size 8 Array Of Cards #cards 12 size 40 Howl #buckets 4 coarsen threshold 1843 Howl Bitmap #cards 512 size 80 coarsen threshold 460 Card regions per heap region 1 cards per card region 2048
 CPUs: 4 total, 4 available
 Memory: 8025M
 Large Page Support: Disabled
 NUMA Support: Disabled
 Compressed Oops: Enabled (32-bit)
 Heap Region Size: 1M
 Heap Min Capacity: 8M
 Heap Initial Capacity: 126M
 Heap Max Capacity: 2008M
 Pre-touch: Disabled
 Parallel Workers: 4
 Concurrent Workers: 1
 Concurrent Refinement Workers: 4
 Periodic GC: Disabled

Heap:
 garbage-first heap   total 37888K, used 25829K [0x0000000082800000, 0x0000000100000000)
  region size 1024K, 15 young (15360K), 3 survivors (3072K)
 Metaspace       used 31820K, committed 32448K, reserved 1114112K
  class space    used 4019K, committed 4288K, reserved 1048576K

Heap Regions: E=young(eden), S=young(survivor), O=old, HS=humongous(starts), HC=humongous(continues), CS=collection set, F=free, TAMS=top-at-mark-start, PB=parsable bottom
|   0|0x0000000082800000, 0x0000000082900000, 0x0000000082900000|100%| O|  |TAMS 0x0000000082800000| PB 0x0000000082800000| Untracked 
|   1|0x0000000082900000, 0x0000000082a00000, 0x0000000082a00000|100%| O|  |TAMS 0x0000000082900000| PB 0x0000000082900000| Untracked 
|   2|0x0000000082a00000, 0x0000000082b00000, 0x0000000082b00000|100%| O|  |TAMS 0x0000000082a00000| PB 0x0000000082a00000| Untracked 
|   3|0x0000000082b00000, 0x0000000082b00000, 0x0000000082c00000|  0%| F|  |TAMS 0x0000000082b00000| PB 0x0000000082b00000| Untracked 
|   4|0x0000000082c00000, 0x0000000082d00000, 0x0000000082d00000|100%| O|  |TAMS 0x0000000082c00000| PB 0x0000000082c00000| Untracked 
|   5|0x0000000082d00000, 0x0000000082e00000, 0x0000000082e00000|100%| O|  |TAMS 0x0000000082d00000| PB 0x0000000082d00000| Untracked 
|   6|0x0000000082e00000, 0x0000000082f00000, 0x0000000082f00000|100%| O|  |TAMS 0x0000000082e00000| PB 0x0000000082e00000| Untracked 
|   7|0x0000000082f00000, 0x0000000083000000, 0x0000000083000000|100%| O|  |TAMS 0x0000000082f00000| PB 0x0000000082f00000| Untracked 
|   8|0x0000000083000000, 0x0000000083100000, 0x0000000083100000|100%| O|  |TAMS 0x0000000083000000| PB 0x0000000083000000| Untracked 
|   9|0x0000000083100000, 0x0000000083200000, 0x0000000083200000|100%| O|  |TAMS 0x0000000083100000| PB 0x0000000083100000| Untracked 
|  10|0x0000000083200000, 0x0000000083300000, 0x0000000083300000|100%| O|  |TAMS 0x0000000083200000| PB 0x0000000083200000| Untracked 
|  11|0x0000000083300000, 0x0000000083400000, 0x0000000083400000|100%| O|  |TAMS 0x0000000083300000| PB 0x0000000083300000| Untracked 
|  12|0x0000000083400000, 0x0000000083500000, 0x0000000083500000|100%| O|  |TAMS 0x0000000083400000| PB 0x0000000083400000| Untracked 
|  13|0x0000000083500000, 0x0000000083500000, 0x0000000083600000|  0%| F|  |TAMS 0x0000000083500000| PB 0x0000000083500000| Untracked 
|  14|0x0000000083600000, 0x0000000083600000, 0x0000000083700000|  0%| F|  |TAMS 0x0000000083600000| PB 0x0000000083600000| Untracked 
|  15|0x0000000083700000, 0x00000000837f63e0, 0x0000000083800000| 96%| O|  |TAMS 0x0000000083700000| PB 0x0000000083700000| Untracked 
|  16|0x0000000083800000, 0x0000000083800000, 0x0000000083900000|  0%| F|  |TAMS 0x0000000083800000| PB 0x0000000083800000| Untracked 
|  17|0x0000000083900000, 0x0000000083900000, 0x0000000083a00000|  0%| F|  |TAMS 0x0000000083900000| PB 0x0000000083900000| Untracked 
|  18|0x0000000083a00000, 0x0000000083a43160, 0x0000000083b00000| 26%| S|CS|TAMS 0x0000000083a00000| PB 0x0000000083a00000| Complete 
|  19|0x0000000083b00000, 0x0000000083c00000, 0x0000000083c00000|100%| S|CS|TAMS 0x0000000083b00000| PB 0x0000000083b00000| Complete 
|  20|0x0000000083c00000, 0x0000000083d00000, 0x0000000083d00000|100%| S|CS|TAMS 0x0000000083c00000| PB 0x0000000083c00000| Complete 
|  21|0x0000000083d00000, 0x0000000083d00000, 0x0000000083e00000|  0%| F|  |TAMS 0x0000000083d00000| PB 0x0000000083d00000| Untracked 
|  22|0x0000000083e00000, 0x0000000083e00000, 0x0000000083f00000|  0%| F|  |TAMS 0x0000000083e00000| PB 0x0000000083e00000| Untracked 
|  23|0x0000000083f00000, 0x0000000083f00000, 0x0000000084000000|  0%| F|  |TAMS 0x0000000083f00000| PB 0x0000000083f00000| Untracked 
|  24|0x0000000084000000, 0x0000000084000000, 0x0000000084100000|  0%| F|  |TAMS 0x0000000084000000| PB 0x0000000084000000| Untracked 
|  25|0x0000000084100000, 0x00000000841d79a8, 0x0000000084200000| 84%| E|  |TAMS 0x0000000084100000| PB 0x0000000084100000| Complete 
|  26|0x0000000084200000, 0x0000000084300000, 0x0000000084300000|100%| E|CS|TAMS 0x0000000084200000| PB 0x0000000084200000| Complete 
|  27|0x0000000084300000, 0x0000000084400000, 0x0000000084400000|100%| E|CS|TAMS 0x0000000084300000| PB 0x0000000084300000| Complete 
|  28|0x0000000084400000, 0x0000000084500000, 0x0000000084500000|100%| E|CS|TAMS 0x0000000084400000| PB 0x0000000084400000| Complete 
|  59|0x0000000086300000, 0x0000000086400000, 0x0000000086400000|100%| E|CS|TAMS 0x0000000086300000| PB 0x0000000086300000| Complete 
|  60|0x0000000086400000, 0x0000000086500000, 0x0000000086500000|100%| E|CS|TAMS 0x0000000086400000| PB 0x0000000086400000| Complete 
|  61|0x0000000086500000, 0x0000000086600000, 0x0000000086600000|100%| E|CS|TAMS 0x0000000086500000| PB 0x0000000086500000| Complete 
|  62|0x0000000086600000, 0x0000000086700000, 0x0000000086700000|100%| E|  |TAMS 0x0000000086600000| PB 0x0000000086600000| Complete 
|  63|0x0000000086700000, 0x0000000086800000, 0x0000000086800000|100%| E|CS|TAMS 0x0000000086700000| PB 0x0000000086700000| Complete 
|  64|0x0000000086800000, 0x0000000086900000, 0x0000000086900000|100%| E|CS|TAMS 0x0000000086800000| PB 0x0000000086800000| Complete 
|  65|0x0000000086900000, 0x0000000086a00000, 0x0000000086a00000|100%| E|CS|TAMS 0x0000000086900000| PB 0x0000000086900000| Complete 
| 125|0x000000008a500000, 0x000000008a600000, 0x000000008a600000|100%| E|CS|TAMS 0x000000008a500000| PB 0x000000008a500000| Complete 

Card table byte_map: [0x0000026aae570000,0x0000026aae960000] _byte_map_base: 0x0000026aae15c000

Marking Bits: (CMBitMap*) 0x0000026a9bfdc6e0
 Bits: [0x0000026aae960000, 0x0000026ab08c0000)

Polling page: 0x0000026a99c80000

Metaspace:

Usage:
  Non-class:     27.15 MB used.
      Class:      3.93 MB used.
       Both:     31.08 MB used.

Virtual space:
  Non-class space:       64.00 MB reserved,      27.50 MB ( 43%) committed,  1 nodes.
      Class space:        1.00 GB reserved,       4.19 MB ( <1%) committed,  1 nodes.
             Both:        1.06 GB reserved,      31.69 MB (  3%) committed. 

Chunk freelists:
   Non-Class:  4.28 MB
       Class:  11.84 MB
        Both:  16.12 MB

MaxMetaspaceSize: unlimited
CompressedClassSpaceSize: 1.00 GB
Initial GC threshold: 21.00 MB
Current GC threshold: 35.25 MB
CDS: on
 - commit_granule_bytes: 65536.
 - commit_granule_words: 8192.
 - virtual_space_node_default_size: 8388608.
 - enlarge_chunks_in_place: 1.
 - use_allocation_guard: 0.


Internal statistics:

num_allocs_failed_limit: 3.
num_arena_births: 768.
num_arena_deaths: 0.
num_vsnodes_births: 2.
num_vsnodes_deaths: 0.
num_space_committed: 507.
num_space_uncommitted: 0.
num_chunks_returned_to_freelist: 3.
num_chunks_taken_from_freelist: 1916.
num_chunk_merges: 3.
num_chunk_splits: 1298.
num_chunks_enlarged: 929.
num_inconsistent_stats: 0.

CodeHeap 'non-profiled nmethods': size=120000Kb used=2189Kb max_used=2189Kb free=117811Kb
 bounds [0x0000026aa6c50000, 0x0000026aa6ec0000, 0x0000026aae180000]
CodeHeap 'profiled nmethods': size=120000Kb used=8100Kb max_used=8100Kb free=111899Kb
 bounds [0x0000026a9f180000, 0x0000026a9f970000, 0x0000026aa66b0000]
CodeHeap 'non-nmethods': size=5760Kb used=1515Kb max_used=1543Kb free=4244Kb
 bounds [0x0000026aa66b0000, 0x0000026aa6920000, 0x0000026aa6c50000]
 total_blobs=4796 nmethods=4204 adapters=495
 compilation: enabled
              stopped_count=0, restarted_count=0
 full_count=0

Compilation events (20 events):
Event: 296.958 Thread 0x0000026ab2d91a90 nmethod 4200 0x0000026aa6e72e10 code [0x0000026aa6e72fa0, 0x0000026aa6e73070]
Event: 296.958 Thread 0x0000026ab2d91a90 4201       1       org.apache.tomcat.util.net.SocketWrapperBase::getReadTimeout (5 bytes)
Event: 296.959 Thread 0x0000026ab2d91a90 nmethod 4201 0x0000026aa6e73110 code [0x0000026aa6e732a0, 0x0000026aa6e73370]
Event: 303.541 Thread 0x0000026ab2d91a90 4202       3       java.util.HashMap::valuesToArray (81 bytes)
Event: 303.542 Thread 0x0000026ab2d91a90 nmethod 4202 0x0000026a9f960f10 code [0x0000026a9f9610e0, 0x0000026a9f961570]
Event: 303.806 Thread 0x0000026ab2d91a90 4203   !   3       java.util.concurrent.ScheduledThreadPoolExecutor$DelayedWorkQueue::offer (123 bytes)
Event: 303.812 Thread 0x0000026ab2d91a90 nmethod 4203 0x0000026a9f961790 code [0x0000026a9f961aa0, 0x0000026a9f962e80]
Event: 306.761 Thread 0x0000026ab2d91a90 4204       3       java.util.concurrent.locks.AbstractQueuedSynchronizer$ConditionNode::block (15 bytes)
Event: 306.761 Thread 0x0000026ab2d91a90 nmethod 4204 0x0000026a9f963690 code [0x0000026a9f963880, 0x0000026a9f963e50]
Event: 306.762 Thread 0x0000026ab2d91a90 4205       3       java.util.concurrent.locks.LockSupport::park (24 bytes)
Event: 306.762 Thread 0x0000026ab2d91a90 nmethod 4205 0x0000026a9f964010 code [0x0000026a9f9641e0, 0x0000026a9f964520]
Event: 307.758 Thread 0x0000026ab2d91a90 4206       3       java.util.concurrent.ScheduledThreadPoolExecutor$DelayedWorkQueue::take (5 bytes)
Event: 307.758 Thread 0x0000026ab2d91a90 nmethod 4206 0x0000026a9f964610 code [0x0000026a9f9647c0, 0x0000026a9f964918]
Event: 307.758 Thread 0x0000026ab2d91a90 4207   !   3       java.util.concurrent.ScheduledThreadPoolExecutor$DelayedWorkQueue::take (203 bytes)
Event: 307.760 Thread 0x0000026ab2d91a90 nmethod 4207 0x0000026a9f964a10 code [0x0000026a9f964de0, 0x0000026a9f9666f0]
Event: 308.765 Thread 0x0000026ab2d91a90 4208       3       java.util.concurrent.ScheduledThreadPoolExecutor$DelayedWorkQueue::siftDown (119 bytes)
Event: 308.766 Thread 0x0000026ab2d91a90 nmethod 4208 0x0000026a9f967210 code [0x0000026a9f967480, 0x0000026a9f968408]
Event: 309.766 Thread 0x0000026ab2d91a90 4209       3       java.util.concurrent.ScheduledThreadPoolExecutor$ScheduledFutureTask::run (57 bytes)
Event: 309.767 Thread 0x0000026ab2d91a90 nmethod 4209 0x0000026a9f968910 code [0x0000026a9f968b40, 0x0000026a9f968fd0]
Event: 309.767 Thread 0x0000026ab2d91a90 4210   !   3       java.util.concurrent.FutureTask::runAndReset (125 bytes)

GC Heap History (10 events):
Event: 0.527 GC heap before
{Heap before GC invocations=0 (full 0):
 garbage-first heap   total 129024K, used 12288K [0x0000000082800000, 0x0000000100000000)
  region size 1024K, 13 young (13312K), 0 survivors (0K)
 Metaspace       used 3630K, committed 3840K, reserved 1114112K
  class space    used 410K, committed 512K, reserved 1048576K
}
Event: 0.532 GC heap after
{Heap after GC invocations=1 (full 0):
 garbage-first heap   total 129024K, used 3824K [0x0000000082800000, 0x0000000100000000)
  region size 1024K, 2 young (2048K), 2 survivors (2048K)
 Metaspace       used 3630K, committed 3840K, reserved 1114112K
  class space    used 410K, committed 512K, reserved 1048576K
}
Event: 1.156 GC heap before
{Heap before GC invocations=1 (full 0):
 garbage-first heap   total 129024K, used 21232K [0x0000000082800000, 0x0000000100000000)
  region size 1024K, 19 young (19456K), 2 survivors (2048K)
 Metaspace       used 8544K, committed 8832K, reserved 1114112K
  class space    used 1103K, committed 1216K, reserved 1048576K
}
Event: 1.162 GC heap after
{Heap after GC invocations=2 (full 0):
 garbage-first heap   total 129024K, used 5716K [0x0000000082800000, 0x0000000100000000)
  region size 1024K, 2 young (2048K), 2 survivors (2048K)
 Metaspace       used 8544K, committed 8832K, reserved 1114112K
  class space    used 1103K, committed 1216K, reserved 1048576K
}
Event: 2.657 GC heap before
{Heap before GC invocations=2 (full 0):
 garbage-first heap   total 129024K, used 63060K [0x0000000082800000, 0x0000000100000000)
  region size 1024K, 60 young (61440K), 2 survivors (2048K)
 Metaspace       used 21111K, committed 21504K, reserved 1114112K
  class space    used 2621K, committed 2816K, reserved 1048576K
}
Event: 2.668 GC heap after
{Heap after GC invocations=3 (full 0):
 garbage-first heap   total 129024K, used 11013K [0x0000000082800000, 0x0000000100000000)
  region size 1024K, 7 young (7168K), 7 survivors (7168K)
 Metaspace       used 21111K, committed 21504K, reserved 1114112K
  class space    used 2621K, committed 2816K, reserved 1048576K
}
Event: 3.137 GC heap before
{Heap before GC invocations=4 (full 0):
 garbage-first heap   total 37888K, used 26373K [0x0000000082800000, 0x0000000100000000)
  region size 1024K, 22 young (22528K), 7 survivors (7168K)
 Metaspace       used 24927K, committed 25408K, reserved 1114112K
  class space    used 3118K, committed 3328K, reserved 1048576K
}
Event: 3.153 GC heap after
{Heap after GC invocations=5 (full 0):
 garbage-first heap   total 37888K, used 13061K [0x0000000082800000, 0x0000000100000000)
  region size 1024K, 2 young (2048K), 2 survivors (2048K)
 Metaspace       used 24927K, committed 25408K, reserved 1114112K
  class space    used 3118K, committed 3328K, reserved 1048576K
}
Event: 3.669 GC heap before
{Heap before GC invocations=5 (full 0):
 garbage-first heap   total 37888K, used 29445K [0x0000000082800000, 0x0000000100000000)
  region size 1024K, 18 young (18432K), 2 survivors (2048K)
 Metaspace       used 28149K, committed 28672K, reserved 1114112K
  class space    used 3551K, committed 3776K, reserved 1048576K
}
Event: 3.675 GC heap after
{Heap after GC invocations=6 (full 0):
 garbage-first heap   total 37888K, used 15589K [0x0000000082800000, 0x0000000100000000)
  region size 1024K, 3 young (3072K), 3 survivors (3072K)
 Metaspace       used 28149K, committed 28672K, reserved 1114112K
  class space    used 3551K, committed 3776K, reserved 1048576K
}

Dll operation events (10 events):
Event: 0.007 Loaded shared library C:\Users\User\.cursor\extensions\redhat.java-1.42.0-win32-x64\jre\21.0.7-win32-x86_64\bin\java.dll
Event: 0.034 Loaded shared library C:\Users\User\.cursor\extensions\redhat.java-1.42.0-win32-x64\jre\21.0.7-win32-x86_64\bin\zip.dll
Event: 0.088 Loaded shared library C:\Users\User\.cursor\extensions\redhat.java-1.42.0-win32-x64\jre\21.0.7-win32-x86_64\bin\net.dll
Event: 0.090 Loaded shared library C:\Users\User\.cursor\extensions\redhat.java-1.42.0-win32-x64\jre\21.0.7-win32-x86_64\bin\nio.dll
Event: 0.093 Loaded shared library C:\Users\User\.cursor\extensions\redhat.java-1.42.0-win32-x64\jre\21.0.7-win32-x86_64\bin\zip.dll
Event: 0.194 Loaded shared library C:\Users\User\.cursor\extensions\redhat.java-1.42.0-win32-x64\jre\21.0.7-win32-x86_64\bin\jimage.dll
Event: 1.687 Loaded shared library C:\Users\User\.cursor\extensions\redhat.java-1.42.0-win32-x64\jre\21.0.7-win32-x86_64\bin\sunmscapi.dll
Event: 3.070 Loaded shared library C:\Users\User\.cursor\extensions\redhat.java-1.42.0-win32-x64\jre\21.0.7-win32-x86_64\bin\management.dll
Event: 3.074 Loaded shared library C:\Users\User\.cursor\extensions\redhat.java-1.42.0-win32-x64\jre\21.0.7-win32-x86_64\bin\management_ext.dll
Event: 3.732 Loaded shared library C:\Users\User\.cursor\extensions\redhat.java-1.42.0-win32-x64\jre\21.0.7-win32-x86_64\bin\extnet.dll

Deoptimization events (20 events):
Event: 3.657 Thread 0x0000026a99cf3390 Uncommon trap: trap_request=0xffffffd6 fr.pc=0x0000026aa6e2fff4 relative=0x0000000000000cb4
Event: 3.657 Thread 0x0000026a99cf3390 Uncommon trap: reason=array_check action=maybe_recompile pc=0x0000026aa6e2fff4 method=org.springframework.boot.context.properties.source.ConfigurationPropertyName.getElement(ILorg/springframework/boot/context/properties/source/ConfigurationPropertyName$Fo
Event: 3.657 Thread 0x0000026a99cf3390 DEOPT PACKING pc=0x0000026aa6e2fff4 sp=0x00000087018fc740
Event: 3.657 Thread 0x0000026a99cf3390 DEOPT UNPACKING pc=0x0000026aa67046a2 sp=0x00000087018fc700 mode 2
Event: 3.664 Thread 0x0000026a99cf3390 Uncommon trap: trap_request=0xffffffd6 fr.pc=0x0000026aa6e2fff4 relative=0x0000000000000cb4
Event: 3.664 Thread 0x0000026a99cf3390 Uncommon trap: reason=array_check action=maybe_recompile pc=0x0000026aa6e2fff4 method=org.springframework.boot.context.properties.source.ConfigurationPropertyName.getElement(ILorg/springframework/boot/context/properties/source/ConfigurationPropertyName$Fo
Event: 3.664 Thread 0x0000026a99cf3390 DEOPT PACKING pc=0x0000026aa6e2fff4 sp=0x00000087018fc730
Event: 3.664 Thread 0x0000026a99cf3390 DEOPT UNPACKING pc=0x0000026aa67046a2 sp=0x00000087018fc6f0 mode 2
Event: 3.717 Thread 0x0000026a99cf3390 Uncommon trap: trap_request=0xffffff45 fr.pc=0x0000026aa6cb2590 relative=0x0000000000000070
Event: 3.717 Thread 0x0000026a99cf3390 Uncommon trap: reason=unstable_if action=reinterpret pc=0x0000026aa6cb2590 method=org.springframework.util.ConcurrentReferenceHashMap$Segment.clear()V @ 7 c2
Event: 3.717 Thread 0x0000026a99cf3390 DEOPT PACKING pc=0x0000026aa6cb2590 sp=0x00000087018fecf0
Event: 3.717 Thread 0x0000026a99cf3390 DEOPT UNPACKING pc=0x0000026aa67046a2 sp=0x00000087018fec80 mode 2
Event: 7.378 Thread 0x0000026afa225b10 Uncommon trap: trap_request=0xffffff45 fr.pc=0x0000026aa6d05b3c relative=0x000000000000019c
Event: 7.378 Thread 0x0000026afa225b10 Uncommon trap: reason=unstable_if action=reinterpret pc=0x0000026aa6d05b3c method=java.lang.CharacterDataLatin1.equalsIgnoreCase(BB)Z @ 54 c2
Event: 7.378 Thread 0x0000026afa225b10 DEOPT PACKING pc=0x0000026aa6d05b3c sp=0x00000087031fcfb0
Event: 7.378 Thread 0x0000026afa225b10 DEOPT UNPACKING pc=0x0000026aa67046a2 sp=0x00000087031fcea8 mode 2
Event: 7.378 Thread 0x0000026afa225b10 Uncommon trap: trap_request=0xffffff45 fr.pc=0x0000026aa6d0572c relative=0x000000000000008c
Event: 7.378 Thread 0x0000026afa225b10 Uncommon trap: reason=unstable_if action=reinterpret pc=0x0000026aa6d0572c method=java.lang.CharacterDataLatin1.equalsIgnoreCase(BB)Z @ 54 c2
Event: 7.378 Thread 0x0000026afa225b10 DEOPT PACKING pc=0x0000026aa6d0572c sp=0x00000087031fce30
Event: 7.378 Thread 0x0000026afa225b10 DEOPT UNPACKING pc=0x0000026aa67046a2 sp=0x00000087031fcdc0 mode 2

Classes loaded (20 events):
Event: 7.251 Loading class java/time/format/DateTimeFormatterBuilder$ZoneTextPrinterParser
Event: 7.251 Loading class java/time/format/DateTimeFormatterBuilder$ZoneTextPrinterParser done
Event: 7.252 Loading class java/time/format/DateTimeFormatterBuilder$ReducedPrinterParser
Event: 7.252 Loading class java/time/format/DateTimeFormatterBuilder$ReducedPrinterParser done
Event: 7.254 Loading class java/io/PushbackInputStream
Event: 7.255 Loading class java/io/PushbackInputStream done
Event: 7.256 Loading class java/util/OptionalInt
Event: 7.257 Loading class java/util/OptionalInt done
Event: 7.257 Loading class java/util/OptionalLong
Event: 7.257 Loading class java/util/OptionalLong done
Event: 7.257 Loading class java/util/OptionalDouble
Event: 7.257 Loading class java/util/OptionalDouble done
Event: 7.267 Loading class org/w3c/dom/Node
Event: 7.267 Loading class org/w3c/dom/Node done
Event: 7.267 Loading class org/w3c/dom/Document
Event: 7.267 Loading class org/w3c/dom/Document done
Event: 7.374 Loading class java/util/stream/LongStream
Event: 7.375 Loading class java/util/stream/LongStream done
Event: 7.375 Loading class java/util/stream/DoubleStream
Event: 7.375 Loading class java/util/stream/DoubleStream done

Classes unloaded (0 events):
No events

Classes redefined (0 events):
No events

Internal exceptions (20 events):
Event: 2.799 Thread 0x0000026a99cf3390 Exception <a 'java/lang/NoSuchMethodError'{0x00000000841eb800}: 'java.lang.Object java.lang.invoke.DirectMethodHandle$Holder.newInvokeSpecial(java.lang.Object, java.lang.Object, java.lang.Object, int)'> (0x00000000841eb800) 
thrown [s\src\hotspot\share\interpreter\linkResolver.cpp, line 773]
Event: 2.799 Thread 0x0000026a99cf3390 Exception <a 'java/lang/NoSuchMethodError'{0x00000000841ef6b0}: 'java.lang.Object java.lang.invoke.DirectMethodHandle$Holder.invokeSpecial(java.lang.Object, java.lang.Object, java.lang.Object, java.lang.Object, int)'> (0x00000000841ef6b0) 
thrown [s\src\hotspot\share\interpreter\linkResolver.cpp, line 773]
Event: 2.799 Thread 0x0000026a99cf3390 Exception <a 'java/lang/NoSuchMethodError'{0x00000000841f2b48}: 'java.lang.Object java.lang.invoke.Invokers$Holder.linkToTargetMethod(java.lang.Object, java.lang.Object, int, java.lang.Object)'> (0x00000000841f2b48) 
thrown [s\src\hotspot\share\interpreter\linkResolver.cpp, line 773]
Event: 2.874 Thread 0x0000026a99cf3390 Exception <a 'java/lang/NoSuchMethodError'{0x0000000083ea9010}: 'java.lang.Object java.lang.invoke.DirectMethodHandle$Holder.invokeStaticInit(java.lang.Object, int, int, int, int)'> (0x0000000083ea9010) 
thrown [s\src\hotspot\share\interpreter\linkResolver.cpp, line 773]
Event: 2.902 Thread 0x0000026a99cf3390 Exception <a 'java/lang/NoSuchMethodError'{0x0000000083d1d500}: 'java.lang.Object java.lang.invoke.DirectMethodHandle$Holder.invokeStaticInit(java.lang.Object, java.lang.Object, int, int, int, int)'> (0x0000000083d1d500) 
thrown [s\src\hotspot\share\interpreter\linkResolver.cpp, line 773]
Event: 3.030 Thread 0x0000026a99cf3390 Exception <a 'java/lang/NoSuchMethodError'{0x000000008396d798}: 'int java.lang.invoke.DirectMethodHandle$Holder.invokeVirtual(java.lang.Object, java.lang.Object, java.lang.Object, java.lang.Object)'> (0x000000008396d798) 
thrown [s\src\hotspot\share\interpreter\linkResolver.cpp, line 773]
Event: 3.030 Thread 0x0000026a99cf3390 Exception <a 'java/lang/NoSuchMethodError'{0x0000000083971220}: 'int java.lang.invoke.DelegatingMethodHandle$Holder.reinvoke_L(java.lang.Object, java.lang.Object, java.lang.Object, java.lang.Object)'> (0x0000000083971220) 
thrown [s\src\hotspot\share\interpreter\linkResolver.cpp, line 773]
Event: 3.087 Thread 0x0000026a99cf3390 Exception <a 'java/io/FileNotFoundException'{0x00000000838805c8}> (0x00000000838805c8) 
thrown [s\src\hotspot\share\prims\jni.cpp, line 520]
Event: 3.169 Thread 0x0000026a99cf3390 Exception <a 'java/lang/NoSuchMethodError'{0x000000008a56fa00}: 'int java.lang.invoke.DirectMethodHandle$Holder.invokeInterface(java.lang.Object, java.lang.Object, java.lang.Object, java.lang.Object)'> (0x000000008a56fa00) 
thrown [s\src\hotspot\share\interpreter\linkResolver.cpp, line 773]
Event: 3.232 Thread 0x0000026a99cf3390 Exception <a 'java/lang/NoSuchMethodError'{0x000000008681fac8}: 'long java.lang.invoke.DirectMethodHandle$Holder.invokeVirtual(java.lang.Object, java.lang.Object)'> (0x000000008681fac8) 
thrown [s\src\hotspot\share\interpreter\linkResolver.cpp, line 773]
Event: 3.267 Thread 0x0000026a99cf3390 Exception <a 'java/lang/NoSuchMethodError'{0x000000008675b4f8}: 'void java.lang.invoke.DirectMethodHandle$Holder.invokeVirtual(java.lang.Object, java.lang.Object, long)'> (0x000000008675b4f8) 
thrown [s\src\hotspot\share\interpreter\linkResolver.cpp, line 773]
Event: 3.274 Thread 0x0000026a99cf3390 Exception <a 'java/lang/NoSuchMethodError'{0x000000008678b9f8}: 'void java.lang.invoke.Invokers$Holder.invokeExact_MT(java.lang.Object, java.lang.Object, java.lang.Object, java.lang.Object)'> (0x000000008678b9f8) 
thrown [s\src\hotspot\share\interpreter\linkResolver.cpp, line 773]
Event: 3.349 Thread 0x0000026a99cf3390 Exception <a 'java/lang/NoSuchMethodError'{0x00000000865406d8}: 'java.lang.Object java.lang.invoke.DirectMethodHandle$Holder.newInvokeSpecial(java.lang.Object, java.lang.Object, java.lang.Object, java.lang.Object, java.lang.Object, java.lang.Object, java.lang.Object, java.lang.Object)'> (0x00000000865406d8) 
thrown [s\src\hotspot\share\interpreter\linkResolver.cpp, line 773]
Event: 3.536 Thread 0x0000026a99cf3390 Exception <a 'java/lang/IncompatibleClassChangeError'{0x00000000841a8f68}: Found class java.lang.Object, but interface was expected> (0x00000000841a8f68) 
thrown [s\src\hotspot\share\interpreter\linkResolver.cpp, line 840]
Event: 3.629 Thread 0x0000026a99cf3390 Exception <a 'java/lang/NoSuchMethodError'{0x0000000083ecd2a8}: 'int java.lang.invoke.DirectMethodHandle$Holder.invokeStaticInit(java.lang.Object, java.lang.Object, java.lang.Object, java.lang.Object)'> (0x0000000083ecd2a8) 
thrown [s\src\hotspot\share\interpreter\linkResolver.cpp, line 773]
Event: 3.720 Thread 0x0000026a99cf3390 Exception <a 'java/lang/NoSuchMethodError'{0x0000000086989c30}: 'java.lang.Object java.lang.invoke.DirectMethodHandle$Holder.newInvokeSpecial(java.lang.Object, java.lang.Object, int, java.lang.Object, java.lang.Object)'> (0x0000000086989c30) 
thrown [s\src\hotspot\share\interpreter\linkResolver.cpp, line 773]
Event: 7.100 Thread 0x0000026af955b470 Exception <a 'java/lang/NoSuchMethodError'{0x000000008676c000}: 'java.lang.Object java.lang.invoke.DirectMethodHandle$Holder.invokeStatic(java.lang.Object, java.lang.Object, java.lang.Object, int, int)'> (0x000000008676c000) 
thrown [s\src\hotspot\share\interpreter\linkResolver.cpp, line 773]
Event: 7.100 Thread 0x0000026af955b470 Exception <a 'java/lang/NoSuchMethodError'{0x000000008676f7b0}: 'java.lang.Object java.lang.invoke.DirectMethodHandle$Holder.invokeStaticInit(java.lang.Object, java.lang.Object, java.lang.Object, int, int)'> (0x000000008676f7b0) 
thrown [s\src\hotspot\share\interpreter\linkResolver.cpp, line 773]
Event: 7.137 Thread 0x0000026afa225b10 Exception <a 'java/lang/NoSuchMethodError'{0x00000000866b9f70}: 'java.lang.Object java.lang.invoke.DirectMethodHandle$Holder.invokeSpecial(java.lang.Object, java.lang.Object, java.lang.Object, java.lang.Object, java.lang.Object, long)'> (0x00000000866b9f70) 
thrown [s\src\hotspot\share\interpreter\linkResolver.cpp, line 773]
Event: 7.137 Thread 0x0000026afa225b10 Exception <a 'java/lang/NoSuchMethodError'{0x00000000866bd990}: 'java.lang.Object java.lang.invoke.Invokers$Holder.linkToTargetMethod(java.lang.Object, java.lang.Object, java.lang.Object, long, java.lang.Object)'> (0x00000000866bd990) 
thrown [s\src\hotspot\share\interpreter\linkResolver.cpp, line 773]

ZGC Phase Switch (0 events):
No events

VM Operations (20 events):
Event: 120.285 Executing VM operation: RendezvousGCThreads
Event: 120.285 Executing VM operation: RendezvousGCThreads done
Event: 140.412 Executing VM operation: Cleanup
Event: 140.412 Executing VM operation: Cleanup done
Event: 155.470 Executing VM operation: Cleanup
Event: 155.470 Executing VM operation: Cleanup done
Event: 163.526 Executing VM operation: Cleanup
Event: 163.526 Executing VM operation: Cleanup done
Event: 205.791 Executing VM operation: Cleanup
Event: 205.791 Executing VM operation: Cleanup done
Event: 206.791 Executing VM operation: Cleanup
Event: 206.791 Executing VM operation: Cleanup done
Event: 264.232 Executing VM operation: Cleanup
Event: 264.232 Executing VM operation: Cleanup done
Event: 302.507 Executing VM operation: Cleanup
Event: 302.507 Executing VM operation: Cleanup done
Event: 308.545 Executing VM operation: Cleanup
Event: 308.545 Executing VM operation: Cleanup done
Event: 309.548 Executing VM operation: Cleanup
Event: 309.548 Executing VM operation: Cleanup done

Memory protections (0 events):
No events

Nmethod flushes (0 events):
No events

Events (20 events):
Event: 1.713 Thread 0x0000026af9664cb0 Thread exited: 0x0000026af9664cb0
Event: 1.718 Thread 0x0000026af9589bb0 Thread exited: 0x0000026af9589bb0
Event: 3.245 Thread 0x0000026a99cf3390 Thread added: 0x0000026afa228900
Event: 3.246 Thread 0x0000026afa228900 Thread added: 0x0000026afa228f90
Event: 3.251 Thread 0x0000026a99cf3390 Thread added: 0x0000026afa2261a0
Event: 3.737 Thread 0x0000026a99cf3390 Thread added: 0x0000026afa225b10
Event: 3.737 Thread 0x0000026a99cf3390 Thread added: 0x0000026afa226830
Event: 3.737 Thread 0x0000026a99cf3390 Thread added: 0x0000026afa226ec0
Event: 3.737 Thread 0x0000026a99cf3390 Thread added: 0x0000026afa228270
Event: 3.737 Thread 0x0000026a99cf3390 Thread added: 0x0000026afa227550
Event: 3.737 Thread 0x0000026a99cf3390 Thread added: 0x0000026afa227be0
Event: 3.737 Thread 0x0000026a99cf3390 Thread added: 0x0000026af955d540
Event: 3.737 Thread 0x0000026a99cf3390 Thread added: 0x0000026af955dbd0
Event: 3.737 Thread 0x0000026a99cf3390 Thread added: 0x0000026af955e260
Event: 3.737 Thread 0x0000026a99cf3390 Thread added: 0x0000026af955ceb0
Event: 3.754 Thread 0x0000026a99cf3390 Thread added: 0x0000026af955e8f0
Event: 3.755 Thread 0x0000026a99cf3390 Thread added: 0x0000026af955b470
Event: 3.781 Thread 0x0000026a99cf3390 Thread exited: 0x0000026a99cf3390
Event: 3.781 Thread 0x0000026af955bb00 Thread added: 0x0000026af955bb00
Event: 7.107 Thread 0x0000026af836eb70 Thread exited: 0x0000026af836eb70


Dynamic libraries:
0x00007ff739640000 - 0x00007ff73964e000 	C:\Users\User\.cursor\extensions\redhat.java-1.42.0-win32-x64\jre\21.0.7-win32-x86_64\bin\java.exe
0x00007ff8039d0000 - 0x00007ff803bc8000 	C:\WINDOWS\SYSTEM32\ntdll.dll
0x00007ff802890000 - 0x00007ff802952000 	C:\WINDOWS\System32\KERNEL32.DLL
0x00007ff801300000 - 0x00007ff8015f6000 	C:\WINDOWS\System32\KERNELBASE.dll
0x00007ff8010c0000 - 0x00007ff8011c0000 	C:\WINDOWS\System32\ucrtbase.dll
0x00007fffbcbd0000 - 0x00007fffbcbee000 	C:\Users\User\.cursor\extensions\redhat.java-1.42.0-win32-x64\jre\21.0.7-win32-x86_64\bin\VCRUNTIME140.dll
0x00007fffbdfd0000 - 0x00007fffbdfe8000 	C:\Users\User\.cursor\extensions\redhat.java-1.42.0-win32-x64\jre\21.0.7-win32-x86_64\bin\jli.dll
0x00007ff8037c0000 - 0x00007ff80395d000 	C:\WINDOWS\System32\USER32.dll
0x00007ff801720000 - 0x00007ff801742000 	C:\WINDOWS\System32\win32u.dll
0x00007ff802050000 - 0x00007ff80207b000 	C:\WINDOWS\System32\GDI32.dll
0x00007ff801600000 - 0x00007ff80171a000 	C:\WINDOWS\System32\gdi32full.dll
0x00007ff801750000 - 0x00007ff8017ed000 	C:\WINDOWS\System32\msvcp_win.dll
0x00007fffef1d0000 - 0x00007fffef46a000 	C:\WINDOWS\WinSxS\amd64_microsoft.windows.common-controls_6595b64144ccf1df_6.0.19041.5794_none_60bcd33171f2783c\COMCTL32.dll
0x00007ff803650000 - 0x00007ff8036ee000 	C:\WINDOWS\System32\msvcrt.dll
0x00007ff803300000 - 0x00007ff80332f000 	C:\WINDOWS\System32\IMM32.DLL
0x00007ffff4b20000 - 0x00007ffff4b2c000 	C:\Users\User\.cursor\extensions\redhat.java-1.42.0-win32-x64\jre\21.0.7-win32-x86_64\bin\vcruntime140_1.dll
0x00007fffb35c0000 - 0x00007fffb364d000 	C:\Users\User\.cursor\extensions\redhat.java-1.42.0-win32-x64\jre\21.0.7-win32-x86_64\bin\msvcp140.dll
0x00007fffa4790000 - 0x00007fffa5520000 	C:\Users\User\.cursor\extensions\redhat.java-1.42.0-win32-x64\jre\21.0.7-win32-x86_64\bin\server\jvm.dll
0x00007ff802970000 - 0x00007ff802a1f000 	C:\WINDOWS\System32\ADVAPI32.dll
0x00007ff8027f0000 - 0x00007ff80288f000 	C:\WINDOWS\System32\sechost.dll
0x00007ff802a20000 - 0x00007ff802b43000 	C:\WINDOWS\System32\RPCRT4.dll
0x00007ff801040000 - 0x00007ff801067000 	C:\WINDOWS\System32\bcrypt.dll
0x00007ff802bb0000 - 0x00007ff802c1b000 	C:\WINDOWS\System32\WS2_32.dll
0x00007fffe57e0000 - 0x00007fffe5807000 	C:\WINDOWS\SYSTEM32\WINMM.dll
0x00007ff8005a0000 - 0x00007ff8005eb000 	C:\WINDOWS\SYSTEM32\POWRPROF.dll
0x00007ffffa980000 - 0x00007ffffa98a000 	C:\WINDOWS\SYSTEM32\VERSION.dll
0x00007ff800410000 - 0x00007ff800422000 	C:\WINDOWS\SYSTEM32\UMPDC.dll
0x00007ffffee70000 - 0x00007ffffee82000 	C:\WINDOWS\SYSTEM32\kernel.appcore.dll
0x00007fffef720000 - 0x00007fffef72a000 	C:\Users\User\.cursor\extensions\redhat.java-1.42.0-win32-x64\jre\21.0.7-win32-x86_64\bin\jimage.dll
0x00007ffffe7d0000 - 0x00007ffffe9d1000 	C:\WINDOWS\SYSTEM32\DBGHELP.DLL
0x00007fffd6890000 - 0x00007fffd68c4000 	C:\WINDOWS\SYSTEM32\dbgcore.DLL
0x00007ff8011c0000 - 0x00007ff801242000 	C:\WINDOWS\System32\bcryptPrimitives.dll
0x00007fffbcbb0000 - 0x00007fffbcbcf000 	C:\Users\User\.cursor\extensions\redhat.java-1.42.0-win32-x64\jre\21.0.7-win32-x86_64\bin\java.dll
0x00007ff802080000 - 0x00007ff8027ee000 	C:\WINDOWS\System32\SHELL32.dll
0x00007fffff070000 - 0x00007fffff813000 	C:\WINDOWS\SYSTEM32\windows.storage.dll
0x00007ff802de0000 - 0x00007ff803133000 	C:\WINDOWS\System32\combase.dll
0x00007ff800a70000 - 0x00007ff800a9b000 	C:\WINDOWS\SYSTEM32\Wldp.dll
0x00007ff8036f0000 - 0x00007ff8037bd000 	C:\WINDOWS\System32\OLEAUT32.dll
0x00007ff803330000 - 0x00007ff8033dd000 	C:\WINDOWS\System32\SHCORE.dll
0x00007ff802c20000 - 0x00007ff802c75000 	C:\WINDOWS\System32\shlwapi.dll
0x00007ff800f70000 - 0x00007ff800f95000 	C:\WINDOWS\SYSTEM32\profapi.dll
0x00007fffbcb90000 - 0x00007fffbcba8000 	C:\Users\User\.cursor\extensions\redhat.java-1.42.0-win32-x64\jre\21.0.7-win32-x86_64\bin\zip.dll
0x00007fffe8450000 - 0x00007fffe8460000 	C:\Users\User\.cursor\extensions\redhat.java-1.42.0-win32-x64\jre\21.0.7-win32-x86_64\bin\net.dll
0x00007ffff9090000 - 0x00007ffff919a000 	C:\WINDOWS\SYSTEM32\WINHTTP.dll
0x00007ff8007b0000 - 0x00007ff80081c000 	C:\WINDOWS\system32\mswsock.dll
0x00007fffbcb70000 - 0x00007fffbcb86000 	C:\Users\User\.cursor\extensions\redhat.java-1.42.0-win32-x64\jre\21.0.7-win32-x86_64\bin\nio.dll
0x00007ffffcb30000 - 0x00007ffffcb3e000 	C:\Users\User\.cursor\extensions\redhat.java-1.42.0-win32-x64\jre\21.0.7-win32-x86_64\bin\sunmscapi.dll
0x00007ff8017f0000 - 0x00007ff80194d000 	C:\WINDOWS\System32\CRYPT32.dll
0x00007ff800ae0000 - 0x00007ff800b07000 	C:\WINDOWS\SYSTEM32\ncrypt.dll
0x00007ff800aa0000 - 0x00007ff800adb000 	C:\WINDOWS\SYSTEM32\NTASN1.dll
0x00007ff8009c0000 - 0x00007ff8009d8000 	C:\WINDOWS\SYSTEM32\CRYPTSP.dll
0x00007ff800040000 - 0x00007ff800078000 	C:\WINDOWS\system32\rsaenh.dll
0x00007ff800f30000 - 0x00007ff800f5e000 	C:\WINDOWS\SYSTEM32\USERENV.dll
0x00007ff8009e0000 - 0x00007ff8009ec000 	C:\WINDOWS\SYSTEM32\CRYPTBASE.dll
0x00007ff800430000 - 0x00007ff80046b000 	C:\WINDOWS\SYSTEM32\IPHLPAPI.DLL
0x00007ff802960000 - 0x00007ff802968000 	C:\WINDOWS\System32\NSI.dll
0x00007fffd4af0000 - 0x00007fffd4afa000 	C:\Users\User\.cursor\extensions\redhat.java-1.42.0-win32-x64\jre\21.0.7-win32-x86_64\bin\management.dll
0x00007fffd4150000 - 0x00007fffd415b000 	C:\Users\User\.cursor\extensions\redhat.java-1.42.0-win32-x64\jre\21.0.7-win32-x86_64\bin\management_ext.dll
0x00007ff8033e0000 - 0x00007ff8033e8000 	C:\WINDOWS\System32\PSAPI.DLL
0x00007ffffb0d0000 - 0x00007ffffb0d9000 	C:\Users\User\.cursor\extensions\redhat.java-1.42.0-win32-x64\jre\21.0.7-win32-x86_64\bin\extnet.dll
0x00007fffdf570000 - 0x00007fffdf577000 	C:\WINDOWS\system32\wshunix.dll

dbghelp: loaded successfully - version: 4.0.5 - missing functions: none
symbol engine: initialized successfully - sym options: 0x614 - pdb path: .;C:\Users\User\.cursor\extensions\redhat.java-1.42.0-win32-x64\jre\21.0.7-win32-x86_64\bin;C:\WINDOWS\SYSTEM32;C:\WINDOWS\WinSxS\amd64_microsoft.windows.common-controls_6595b64144ccf1df_6.0.19041.5794_none_60bcd33171f2783c;C:\Users\User\.cursor\extensions\redhat.java-1.42.0-win32-x64\jre\21.0.7-win32-x86_64\bin\server

VM Arguments:
jvm_args: -XX:+ShowCodeDetailsInExceptionMessages 
java_command: com.example.com.venom.VenomApplication
java_class_path (initial): C:\Users\User\Desktop\сервер\venom\target\classes;C:\Users\User\.m2\repository\org\springframework\boot\spring-boot-starter-web\3.5.0\spring-boot-starter-web-3.5.0.jar;C:\Users\User\.m2\repository\org\springframework\boot\spring-boot-starter\3.5.0\spring-boot-starter-3.5.0.jar;C:\Users\User\.m2\repository\org\springframework\boot\spring-boot\3.5.0\spring-boot-3.5.0.jar;C:\Users\User\.m2\repository\org\springframework\boot\spring-boot-autoconfigure\3.5.0\spring-boot-autoconfigure-3.5.0.jar;C:\Users\User\.m2\repository\org\springframework\boot\spring-boot-starter-logging\3.5.0\spring-boot-starter-logging-3.5.0.jar;C:\Users\User\.m2\repository\ch\qos\logback\logback-classic\1.5.18\logback-classic-1.5.18.jar;C:\Users\User\.m2\repository\ch\qos\logback\logback-core\1.5.18\logback-core-1.5.18.jar;C:\Users\User\.m2\repository\org\apache\logging\log4j\log4j-to-slf4j\2.24.3\log4j-to-slf4j-2.24.3.jar;C:\Users\User\.m2\repository\org\apache\logging\log4j\log4j-api\2.24.3\log4j-api-2.24.3.jar;C:\Users\User\.m2\repository\org\slf4j\jul-to-slf4j\2.0.17\jul-to-slf4j-2.0.17.jar;C:\Users\User\.m2\repository\jakarta\annotation\jakarta.annotation-api\2.1.1\jakarta.annotation-api-2.1.1.jar;C:\Users\User\.m2\repository\org\yaml\snakeyaml\2.4\snakeyaml-2.4.jar;C:\Users\User\.m2\repository\org\springframework\boot\spring-boot-starter-json\3.5.0\spring-boot-starter-json-3.5.0.jar;C:\Users\User\.m2\repository\com\fasterxml\jackson\core\jackson-databind\2.19.0\jackson-databind-2.19.0.jar;C:\Users\User\.m2\repository\com\fasterxml\jackson\core\jackson-annotations\2.19.0\jackson-annotations-2.19.0.jar;C:\Users\User\.m2\repository\com\fasterxml\jackson\core\jackson-core\2.19.0\jackson-core-2.19.0.jar;C:\Users\User\.m2\repository\com\fasterxml\jackson\datatype\jackson-datatype-jdk8\2.19.0\jackson-datatype-jdk8-2.19.0.jar;C:\Users\User\.m2\repository\com\fasterxml\jackson\datatype\jackson-datatype-jsr310\2.19.0\jackson-datatype-jsr310-2.19.0.jar;C:\Users\User\.m2\repository\com\fasterxml\jackson\module\jackson-module-parameter-names\2.19.0\jackson-module-parameter-names-2.19.0.jar;C:\Users\User\.m2\repository\org\springframework\boot\spring-boot-starter-tomcat\3.5.0\spring-boot-starter-tomcat-3.5.0.jar;C:\Users\User\.m2\repository\org\apache\tomcat\embed\tomcat-embed-core\10.1.41\tomcat-embed-core-10.1.41.jar;C:\Users\User\.m2\repository\org\apache\tomcat\embed\tomcat-embed-el\10.1.41\tomcat-embed-el-10.1.41.jar;C:\Users\User\.m2\repository\org\apache\tomcat\embed\tomcat-embed-websocket\10.1.41\tomcat-embed-websocket-10.1.41.jar;C:\Users\User\.m2\repository\org\springframework\spring-web\6.2.7\spring-web-6.2.7.jar;C:\Users\User\.m2\repository\org\springframework\spring-beans\6.2.7\spring-beans-6.2.7.jar;C:\Users\User\.m2\repository\io\micrometer\micrometer-observation\1.15.0\micrometer-observation-1.15.0.jar;C:\Users\User\.m2\repository\io\micrometer\micrometer-commons\1.15.0\micrometer-commons-1.15.0.jar;C:\Users\User\.m2\repository\org\springframework\spring-webmvc\6.2.7\spring-webmvc-6.2.7.jar;C:\Users\User\.m2\repository\org\springframework\spring-aop\6.2.7\spring-aop-6.2.7.jar;C:\Users\User\.m2\repository\org\springframework\spring-context\6.2.7\spring-context-6.2.7.jar;C:\Users\User\.m2\repository\org\springframework\spring-expression\6.2.7\spring-expression-6.2.7.jar;C:\Users\User\.m2\repository\org\postgresql\postgresql\42.7.5\postgresql-42.7.5.jar;C:\Users\User\.m2\repository\org\checkerframework\checker-qual\3.48.3\checker-qual-3.48.3.jar;C:\Users\User\.m2\repository\org\slf4j\slf4j-api\2.0.17\slf4j-api-2.0.17.jar;C:\Users\User\.m2\repository\org\springframework\spring-core\6.2.7\spring-core-6.2.7.jar;C:\Users\User\.m2\repository\org\springframework\spring-jcl\6.2.7\spring-jcl-6.2.7.jar
Launcher Type: SUN_STANDARD

[Global flags]
     intx CICompilerCount                          = 3                                         {product} {ergonomic}
     uint ConcGCThreads                            = 1                                         {product} {ergonomic}
     uint G1ConcRefinementThreads                  = 4                                         {product} {ergonomic}
   size_t G1HeapRegionSize                         = 1048576                                   {product} {ergonomic}
    uintx GCDrainStackTargetSize                   = 64                                        {product} {ergonomic}
   size_t InitialHeapSize                          = 132120576                                 {product} {ergonomic}
   size_t MarkStackSize                            = 4194304                                   {product} {ergonomic}
   size_t MaxHeapSize                              = 2105540608                                {product} {ergonomic}
   size_t MaxNewSize                               = 1262485504                                {product} {ergonomic}
   size_t MinHeapDeltaBytes                        = 1048576                                   {product} {ergonomic}
   size_t MinHeapSize                              = 8388608                                   {product} {ergonomic}
    uintx NonNMethodCodeHeapSize                   = 5832780                                {pd product} {ergonomic}
    uintx NonProfiledCodeHeapSize                  = 122912730                              {pd product} {ergonomic}
    uintx ProfiledCodeHeapSize                     = 122912730                              {pd product} {ergonomic}
    uintx ReservedCodeCacheSize                    = 251658240                              {pd product} {ergonomic}
     bool SegmentedCodeCache                       = true                                      {product} {ergonomic}
     bool ShowCodeDetailsInExceptionMessages       = true                                   {manageable} {command line}
   size_t SoftMaxHeapSize                          = 2105540608                             {manageable} {ergonomic}
     bool UseCompressedOops                        = true                           {product lp64_product} {ergonomic}
     bool UseG1GC                                  = true                                      {product} {ergonomic}
     bool UseLargePagesIndividualAllocation        = false                                  {pd product} {ergonomic}

Logging:
Log output configuration:
 #0: stdout all=warning uptime,level,tags foldmultilines=false
 #1: stderr all=off uptime,level,tags foldmultilines=false

Environment Variables:
PATH=C:\Program Files\Common Files\Oracle\Java\javapath;C:\ProgramData\Oracle\Java\javapath;C:\WINDOWS\system32;C:\WINDOWS;C:\WINDOWS\System32\Wbem;C:\WINDOWS\System32\WindowsPowerShell\v1.0\;C:\WINDOWS\System32\OpenSSH\;C:\Program Files (x86)\Windows Kits\10\Windows Performance Toolkit\;C:\Program Files\dotnet\;C:\Program Files\Git\cmd;C:\Program Files\Docker\Docker\resources\bin;C:\Users\User\AppData\Local\Programs\Python\Launcher\;C:\Users\User\AppData\Local\Microsoft\WindowsApps;;D:\игры\Fiddler;C:\Users\User\AppData\Local\Programs\Microsoft VS Code Insiders\bin
USERNAME=User
LANG=ru_RU.UTF-8
OS=Windows_NT
PROCESSOR_IDENTIFIER=Intel64 Family 6 Model 142 Stepping 12, GenuineIntel
TMP=C:\Users\User\AppData\Local\Temp
TEMP=C:\Users\User\AppData\Local\Temp




Periodic native trim disabled

---------------  S Y S T E M  ---------------

OS:
 Windows 10 , 64 bit Build 19041 (10.0.19041.5794)
OS uptime: 4 days 12:02 hours
Hyper-V role detected

CPU: total 4 (initial active 4) (2 cores per cpu, 2 threads per core) family 6 model 142 stepping 12 microcode 0xde, cx8, cmov, fxsr, ht, mmx, 3dnowpref, sse, sse2, sse3, ssse3, sse4.1, sse4.2, popcnt, lzcnt, tsc, tscinvbit, avx, avx2, aes, erms, clmul, bmi1, bmi2, adx, fma, vzeroupper, clflush, clflushopt, hv, rdtscp, f16c
Processor Information for the first 4 processors :
  Max Mhz: 2592, Current Mhz: 2592, Mhz Limit: 2073

Memory: 4k page, system-wide physical 8025M (703M free)
TotalPageFile size 18248M (AvailPageFile size 0M)
current process WorkingSet (physical memory assigned to process): 44M, peak: 182M
current process commit charge ("private bytes"): 162M, peak: 271M

vm_info: OpenJDK 64-Bit Server VM (21.0.7+6-LTS) for windows-amd64 JRE (21.0.7+6-LTS), built on 2025-04-15T00:00:00Z by "admin" with MS VC++ 17.7 (VS2022)

END.
